C:\USERS\MIKE\DOCUMENTS\VISUAL STUDIO 2012\PROJECTS\SCREENSAVER\SCREENSAVER\DEBUG\SCREENSAVER.OBJ
C:\USERS\MIKE\DOCUMENTS\VISUAL STUDIO 2012\PROJECTS\SCREENSAVER\SCREENSAVER\DEBUG\VC110.PDB
C:\USERS\MIKE\DOCUMENTS\VISUAL STUDIO 2012\PROJECTS\SCREENSAVER\DEBUG\SCREENSAVER.ILK
C:\USERS\MIKE\DOCUMENTS\VISUAL STUDIO 2012\PROJECTS\SCREENSAVER\DEBUG\SCREENSAVER.EXE
C:\USERS\MIKE\DOCUMENTS\VISUAL STUDIO 2012\PROJECTS\SCREENSAVER\DEBUG\SCREENSAVER.PDB
c:\Users\Mike\documents\visual studio 2012\Projects\ScreenSaver\ScreenSaver\Debug\screensaver.obj
c:\Users\Mike\documents\visual studio 2012\Projects\ScreenSaver\ScreenSaver\Debug\cl.command.1.tlog
c:\Users\Mike\documents\visual studio 2012\Projects\ScreenSaver\ScreenSaver\Debug\CL.read.1.tlog
c:\Users\Mike\documents\visual studio 2012\Projects\ScreenSaver\ScreenSaver\Debug\CL.write.1.tlog
c:\Users\Mike\documents\visual studio 2012\Projects\ScreenSaver\ScreenSaver\Debug\link-cvtres.read.1.tlog
c:\Users\Mike\documents\visual studio 2012\Projects\ScreenSaver\ScreenSaver\Debug\link-cvtres.write.1.tlog
c:\Users\Mike\documents\visual studio 2012\Projects\ScreenSaver\ScreenSaver\Debug\link-rc.read.1.tlog
c:\Users\Mike\documents\visual studio 2012\Projects\ScreenSaver\ScreenSaver\Debug\link-rc.write.1.tlog
c:\Users\Mike\documents\visual studio 2012\Projects\ScreenSaver\ScreenSaver\Debug\link.2540-cvtres.read.1.tlog
c:\Users\Mike\documents\visual studio 2012\Projects\ScreenSaver\ScreenSaver\Debug\link.2540-cvtres.write.1.tlog
c:\Users\Mike\documents\visual studio 2012\Projects\ScreenSaver\ScreenSaver\Debug\link.2540-rc.read.1.tlog
c:\Users\Mike\documents\visual studio 2012\Projects\ScreenSaver\ScreenSaver\Debug\link.2540-rc.write.1.tlog
c:\Users\Mike\documents\visual studio 2012\Projects\ScreenSaver\ScreenSaver\Debug\link.2540.read.1.tlog
c:\Users\Mike\documents\visual studio 2012\Projects\ScreenSaver\ScreenSaver\Debug\link.2540.write.1.tlog
c:\Users\Mike\documents\visual studio 2012\Projects\ScreenSaver\ScreenSaver\Debug\link.5848-cvtres.read.1.tlog
c:\Users\Mike\documents\visual studio 2012\Projects\ScreenSaver\ScreenSaver\Debug\link.5848-cvtres.write.1.tlog
c:\Users\Mike\documents\visual studio 2012\Projects\ScreenSaver\ScreenSaver\Debug\link.5848-rc.read.1.tlog
c:\Users\Mike\documents\visual studio 2012\Projects\ScreenSaver\ScreenSaver\Debug\link.5848-rc.write.1.tlog
c:\Users\Mike\documents\visual studio 2012\Projects\ScreenSaver\ScreenSaver\Debug\link.5848.read.1.tlog
c:\Users\Mike\documents\visual studio 2012\Projects\ScreenSaver\ScreenSaver\Debug\link.5848.write.1.tlog
c:\Users\Mike\documents\visual studio 2012\Projects\ScreenSaver\ScreenSaver\Debug\link.command.1.tlog
c:\Users\Mike\documents\visual studio 2012\Projects\ScreenSaver\ScreenSaver\Debug\link.read.1.tlog
c:\Users\Mike\documents\visual studio 2012\Projects\ScreenSaver\ScreenSaver\Debug\link.write.1.tlog
c:\Users\Mike\documents\visual studio 2012\Projects\ScreenSaver\ScreenSaver\Debug\vc110.idb
c:\Users\Mike\documents\visual studio 2012\Projects\ScreenSaver\ScreenSaver\Debug\vc110.pdb
c:\users\mike\documents\visual studio 2012\Projects\ScreenSaver\Debug\ScreenSaver.pdb
c:\users\mike\documents\visual studio 2012\Projects\ScreenSaver\Debug\ScreenSaver.exe
c:\users\mike\documents\visual studio 2012\Projects\ScreenSaver\Debug\ScreenSaver.ilk
