Build started 07/02/2014 12:55:57 PM.
     1>Project "c:\Users\Mike\documents\visual studio 2012\Projects\ScreenSaver\ScreenSaver\ScreenSaver.vcxproj" on node 2 (Build target(s)).
     1>ClCompile:
         C:\Program Files (x86)\Microsoft Visual Studio 11.0\VC\bin\CL.exe /c /I"C:\Users\Mike\Documents\glew-1.10.0\include" /IC:\Users\Mike\Documents\freeglut\include /ZI /nologo /W3 /WX- /Od /Oy- /D WIN32 /D _DEBUG /D _CONSOLE /D _UNICODE /D UNICODE /Gm /EHsc /RTC1 /MDd /GS /fp:precise /Zc:wchar_t /Zc:forScope /Fo"Debug\\" /Fd"Debug\vc110.pdb" /Gd /TC /analyze- /errorReport:prompt screensaver.c
         screensaver.c
     1>c:\users\mike\documents\visual studio 2012\projects\screensaver\screensaver\screensaver.c(124): warning C4244: 'function' : conversion from 'double' to 'GLfloat', possible loss of data
     1>c:\users\mike\documents\visual studio 2012\projects\screensaver\screensaver\screensaver.c(125): warning C4244: 'function' : conversion from 'double' to 'GLfloat', possible loss of data
     1>c:\users\mike\documents\visual studio 2012\projects\screensaver\screensaver\screensaver.c(131): warning C4244: 'function' : conversion from 'double' to 'GLfloat', possible loss of data
     1>c:\users\mike\documents\visual studio 2012\projects\screensaver\screensaver\screensaver.c(132): warning C4244: 'function' : conversion from 'double' to 'GLfloat', possible loss of data
     1>c:\users\mike\documents\visual studio 2012\projects\screensaver\screensaver\screensaver.c(138): warning C4244: 'function' : conversion from 'double' to 'GLfloat', possible loss of data
     1>c:\users\mike\documents\visual studio 2012\projects\screensaver\screensaver\screensaver.c(139): warning C4244: 'function' : conversion from 'double' to 'GLfloat', possible loss of data
     1>c:\users\mike\documents\visual studio 2012\projects\screensaver\screensaver\screensaver.c(145): warning C4244: 'function' : conversion from 'double' to 'GLfloat', possible loss of data
     1>c:\users\mike\documents\visual studio 2012\projects\screensaver\screensaver\screensaver.c(146): warning C4244: 'function' : conversion from 'double' to 'GLfloat', possible loss of data
     1>c:\users\mike\documents\visual studio 2012\projects\screensaver\screensaver\screensaver.c(174): warning C4244: 'function' : conversion from 'double' to 'GLfloat', possible loss of data
     1>c:\users\mike\documents\visual studio 2012\projects\screensaver\screensaver\screensaver.c(178): warning C4244: 'function' : conversion from 'double' to 'GLfloat', possible loss of data
     1>c:\users\mike\documents\visual studio 2012\projects\screensaver\screensaver\screensaver.c(182): warning C4244: 'function' : conversion from 'double' to 'GLfloat', possible loss of data
     1>c:\users\mike\documents\visual studio 2012\projects\screensaver\screensaver\screensaver.c(186): warning C4244: 'function' : conversion from 'double' to 'GLfloat', possible loss of data
     1>c:\users\mike\documents\visual studio 2012\projects\screensaver\screensaver\screensaver.c(360): warning C4244: '=' : conversion from 'float' to 'int', possible loss of data
       Link:
         C:\Program Files (x86)\Microsoft Visual Studio 11.0\VC\bin\link.exe /ERRORREPORT:PROMPT /OUT:"c:\users\mike\documents\visual studio 2012\Projects\ScreenSaver\Debug\ScreenSaver.exe" /INCREMENTAL /NOLOGO /LIBPATH:"C:\Users\Mike\Documents\glew-1.10.0\lib\Release\Win32" /LIBPATH:C:\Users\Mike\Documents\freeglut\lib freeglut.lib glew32.lib kernel32.lib user32.lib gdi32.lib winspool.lib comdlg32.lib advapi32.lib shell32.lib ole32.lib oleaut32.lib uuid.lib odbc32.lib odbccp32.lib /MANIFEST /MANIFESTUAC:"level='asInvoker' uiAccess='false'" /manifest:embed /DEBUG /PDB:"c:\users\mike\documents\visual studio 2012\Projects\ScreenSaver\Debug\ScreenSaver.pdb" /SUBSYSTEM:CONSOLE /TLBID:1 /DYNAMICBASE /NXCOMPAT /IMPLIB:"c:\users\mike\documents\visual studio 2012\Projects\ScreenSaver\Debug\ScreenSaver.lib" /MACHINE:X86 Debug\screensaver.obj
         ScreenSaver.vcxproj -> c:\users\mike\documents\visual studio 2012\Projects\ScreenSaver\Debug\ScreenSaver.exe
     1>Done Building Project "c:\Users\Mike\documents\visual studio 2012\Projects\ScreenSaver\ScreenSaver\ScreenSaver.vcxproj" (Build target(s)).

Build succeeded.

Time Elapsed 00:00:00.75
